<?xml version="1.0" encoding="utf-8"?>
<TestRun id="c84dafbf-ed7e-43cc-bb16-b06660cb6960" name="@Adams-MacBook-Pro 2025-08-12 04:39:04" xmlns="http://microsoft.com/schemas/VisualStudio/TeamTest/2010">
  <Times creation="2025-08-12T04:39:04.5176210+07:00" queuing="2025-08-12T04:39:04.5176210+07:00" start="2025-08-12T04:39:02.9377910+07:00" finish="2025-08-12T04:39:04.5193300+07:00" />
  <TestSettings name="default" id="0610ba4a-2773-477d-891d-91c70afb2e30">
    <Deployment runDeploymentRoot="_Adams-MacBook-Pro_2025-08-12_04_39_04" />
  </TestSettings>
  <Results>
    <UnitTestResult executionId="ce9afdea-11d2-46d0-ab75-71b930afc07b" testId="2e14b324-12b9-253f-cfa7-357966005c0c" testName="MapMe.Tests.ApiSmokeTests.Profiles_Create_And_Get" computerName="Adams-MacBook-Pro" duration="00:00:00.6459999" startTime="2025-08-12T04:39:03.8577730+07:00" endTime="2025-08-12T04:39:03.8577810+07:00" testType="13cdc9d9-ddb5-4fa4-a97d-d965ccfc6d4b" outcome="Passed" testListId="8c84fa94-04c1-424b-9868-57a2d4851a1d" relativeResultsDirectory="ce9afdea-11d2-46d0-ab75-71b930afc07b" />
    <UnitTestResult executionId="2cb38bfd-2f7e-4eea-8d4d-f284dce82a8b" testId="b13c62f0-8540-b317-0628-868ca8f9ca58" testName="MapMe.Tests.ApiSmokeTests.DateMarks_Create_And_List_By_User" computerName="Adams-MacBook-Pro" duration="00:00:00.6032158" startTime="2025-08-12T04:39:04.4613680+07:00" endTime="2025-08-12T04:39:04.4613680+07:00" testType="13cdc9d9-ddb5-4fa4-a97d-d965ccfc6d4b" outcome="Passed" testListId="8c84fa94-04c1-424b-9868-57a2d4851a1d" relativeResultsDirectory="2cb38bfd-2f7e-4eea-8d4d-f284dce82a8b" />
  </Results>
  <TestDefinitions>
    <UnitTest name="MapMe.Tests.ApiSmokeTests.Profiles_Create_And_Get" storage="/users/adamzaplatilek/github/mapme/mapme/mapme.tests/bin/release/net10.0/mapme.tests.dll" id="2e14b324-12b9-253f-cfa7-357966005c0c">
      <Execution id="ce9afdea-11d2-46d0-ab75-71b930afc07b" />
      <TestMethod codeBase="/Users/adamzaplatilek/GitHub/MapMe/MapMe/MapMe.Tests/bin/Release/net10.0/MapMe.Tests.dll" adapterTypeName="executor://xunit/VsTestRunner2/netcoreapp" className="MapMe.Tests.ApiSmokeTests" name="Profiles_Create_And_Get" />
    </UnitTest>
    <UnitTest name="MapMe.Tests.ApiSmokeTests.DateMarks_Create_And_List_By_User" storage="/users/adamzaplatilek/github/mapme/mapme/mapme.tests/bin/release/net10.0/mapme.tests.dll" id="b13c62f0-8540-b317-0628-868ca8f9ca58">
      <Execution id="2cb38bfd-2f7e-4eea-8d4d-f284dce82a8b" />
      <TestMethod codeBase="/Users/adamzaplatilek/GitHub/MapMe/MapMe/MapMe.Tests/bin/Release/net10.0/MapMe.Tests.dll" adapterTypeName="executor://xunit/VsTestRunner2/netcoreapp" className="MapMe.Tests.ApiSmokeTests" name="DateMarks_Create_And_List_By_User" />
    </UnitTest>
  </TestDefinitions>
  <TestEntries>
    <TestEntry testId="2e14b324-12b9-253f-cfa7-357966005c0c" executionId="ce9afdea-11d2-46d0-ab75-71b930afc07b" testListId="8c84fa94-04c1-424b-9868-57a2d4851a1d" />
    <TestEntry testId="b13c62f0-8540-b317-0628-868ca8f9ca58" executionId="2cb38bfd-2f7e-4eea-8d4d-f284dce82a8b" testListId="8c84fa94-04c1-424b-9868-57a2d4851a1d" />
  </TestEntries>
  <TestLists>
    <TestList name="Results Not in a List" id="8c84fa94-04c1-424b-9868-57a2d4851a1d" />
    <TestList name="All Loaded Results" id="19431567-8539-422a-85d7-44ee4e166bda" />
  </TestLists>
  <ResultSummary outcome="Completed">
    <Counters total="2" executed="2" passed="2" failed="0" error="0" timeout="0" aborted="0" inconclusive="0" passedButRunAborted="0" notRunnable="0" notExecuted="0" disconnected="0" warning="0" completed="0" inProgress="0" pending="0" />
    <Output>
      <StdOut>[xUnit.net 00:00:00.00] xUnit.net VSTest Adapter v2.8.1+ce9211e970 (64-bit .NET 10.0.0-preview.6.25358.103)
[xUnit.net 00:00:00.03]   Discovering: MapMe.Tests
[xUnit.net 00:00:00.06]   Discovered:  MapMe.Tests
[xUnit.net 00:00:00.06]   Starting:    MapMe.Tests
warn: Microsoft.AspNetCore.HttpsPolicy.HttpsRedirectionMiddleware[3]
      Failed to determine the https port for redirect.
warn: Microsoft.AspNetCore.HttpsPolicy.HttpsRedirectionMiddleware[3]
      Failed to determine the https port for redirect.
[xUnit.net 00:00:01.33]   Finished:    MapMe.Tests
</StdOut>
    </Output>
  </ResultSummary>
</TestRun>