<?xml version="1.0" encoding="utf-8"?>
<TestRun id="456f9047-bd78-4f3c-9703-21dfbdbc359c" name="@Adams-MacBook-Pro 2025-08-12 04:31:28" xmlns="http://microsoft.com/schemas/VisualStudio/TeamTest/2010">
  <Times creation="2025-08-12T04:31:28.7103950+07:00" queuing="2025-08-12T04:31:28.7103950+07:00" start="2025-08-12T04:31:27.1874810+07:00" finish="2025-08-12T04:31:28.7122120+07:00" />
  <TestSettings name="default" id="07dde189-7206-40fd-a99c-8c8631a590ca">
    <Deployment runDeploymentRoot="_Adams-MacBook-Pro_2025-08-12_04_31_28" />
  </TestSettings>
  <Results>
    <UnitTestResult executionId="1dc40e0e-817e-4137-97e6-c985cd4bab58" testId="b13c62f0-8540-b317-0628-868ca8f9ca58" testName="MapMe.Tests.ApiSmokeTests.DateMarks_Create_And_List_By_User" computerName="Adams-MacBook-Pro" duration="00:00:00.5826836" startTime="2025-08-12T04:31:28.6529300+07:00" endTime="2025-08-12T04:31:28.6529300+07:00" testType="13cdc9d9-ddb5-4fa4-a97d-d965ccfc6d4b" outcome="Passed" testListId="8c84fa94-04c1-424b-9868-57a2d4851a1d" relativeResultsDirectory="1dc40e0e-817e-4137-97e6-c985cd4bab58" />
    <UnitTestResult executionId="d0e9b3f6-bd8a-45fb-9f60-3b0b4f27a948" testId="2e14b324-12b9-253f-cfa7-357966005c0c" testName="MapMe.Tests.ApiSmokeTests.Profiles_Create_And_Get" computerName="Adams-MacBook-Pro" duration="00:00:00.6031404" startTime="2025-08-12T04:31:28.0698570+07:00" endTime="2025-08-12T04:31:28.0698650+07:00" testType="13cdc9d9-ddb5-4fa4-a97d-d965ccfc6d4b" outcome="Passed" testListId="8c84fa94-04c1-424b-9868-57a2d4851a1d" relativeResultsDirectory="d0e9b3f6-bd8a-45fb-9f60-3b0b4f27a948" />
  </Results>
  <TestDefinitions>
    <UnitTest name="MapMe.Tests.ApiSmokeTests.Profiles_Create_And_Get" storage="/users/adamzaplatilek/github/mapme/mapme/mapme.tests/bin/release/net10.0/mapme.tests.dll" id="2e14b324-12b9-253f-cfa7-357966005c0c">
      <Execution id="d0e9b3f6-bd8a-45fb-9f60-3b0b4f27a948" />
      <TestMethod codeBase="/Users/adamzaplatilek/GitHub/MapMe/MapMe/MapMe.Tests/bin/Release/net10.0/MapMe.Tests.dll" adapterTypeName="executor://xunit/VsTestRunner2/netcoreapp" className="MapMe.Tests.ApiSmokeTests" name="Profiles_Create_And_Get" />
    </UnitTest>
    <UnitTest name="MapMe.Tests.ApiSmokeTests.DateMarks_Create_And_List_By_User" storage="/users/adamzaplatilek/github/mapme/mapme/mapme.tests/bin/release/net10.0/mapme.tests.dll" id="b13c62f0-8540-b317-0628-868ca8f9ca58">
      <Execution id="1dc40e0e-817e-4137-97e6-c985cd4bab58" />
      <TestMethod codeBase="/Users/adamzaplatilek/GitHub/MapMe/MapMe/MapMe.Tests/bin/Release/net10.0/MapMe.Tests.dll" adapterTypeName="executor://xunit/VsTestRunner2/netcoreapp" className="MapMe.Tests.ApiSmokeTests" name="DateMarks_Create_And_List_By_User" />
    </UnitTest>
  </TestDefinitions>
  <TestEntries>
    <TestEntry testId="b13c62f0-8540-b317-0628-868ca8f9ca58" executionId="1dc40e0e-817e-4137-97e6-c985cd4bab58" testListId="8c84fa94-04c1-424b-9868-57a2d4851a1d" />
    <TestEntry testId="2e14b324-12b9-253f-cfa7-357966005c0c" executionId="d0e9b3f6-bd8a-45fb-9f60-3b0b4f27a948" testListId="8c84fa94-04c1-424b-9868-57a2d4851a1d" />
  </TestEntries>
  <TestLists>
    <TestList name="Results Not in a List" id="8c84fa94-04c1-424b-9868-57a2d4851a1d" />
    <TestList name="All Loaded Results" id="19431567-8539-422a-85d7-44ee4e166bda" />
  </TestLists>
  <ResultSummary outcome="Completed">
    <Counters total="2" executed="2" passed="2" failed="0" error="0" timeout="0" aborted="0" inconclusive="0" passedButRunAborted="0" notRunnable="0" notExecuted="0" disconnected="0" warning="0" completed="0" inProgress="0" pending="0" />
    <Output>
      <StdOut>[xUnit.net 00:00:00.00] xUnit.net VSTest Adapter v2.8.1+ce9211e970 (64-bit .NET 10.0.0-preview.6.25358.103)
[xUnit.net 00:00:00.03]   Discovering: MapMe.Tests
[xUnit.net 00:00:00.06]   Discovered:  MapMe.Tests
[xUnit.net 00:00:00.06]   Starting:    MapMe.Tests
warn: Microsoft.AspNetCore.HttpsPolicy.HttpsRedirectionMiddleware[3]
      Failed to determine the https port for redirect.
warn: Microsoft.AspNetCore.HttpsPolicy.HttpsRedirectionMiddleware[3]
      Failed to determine the https port for redirect.
[xUnit.net 00:00:01.27]   Finished:    MapMe.Tests
</StdOut>
    </Output>
  </ResultSummary>
</TestRun>