<?xml version="1.0" encoding="utf-8"?>
<TestRun id="a9b829f1-bf0b-44d6-a558-dd4989c869f8" name="@Adams-MacBook-Pro 2025-08-11 10:33:50" xmlns="http://microsoft.com/schemas/VisualStudio/TeamTest/2010">
  <Times creation="2025-08-11T10:33:50.9715100+07:00" queuing="2025-08-11T10:33:50.9715110+07:00" start="2025-08-11T10:33:49.4550800+07:00" finish="2025-08-11T10:33:50.9733850+07:00" />
  <TestSettings name="default" id="f4c14902-822d-4652-a554-68a8d2d1f0b7">
    <Deployment runDeploymentRoot="_Adams-MacBook-Pro_2025-08-11_10_33_50" />
  </TestSettings>
  <Results>
    <UnitTestResult executionId="9410b9c0-6201-43a0-b295-34fc1d85d22d" testId="b13c62f0-8540-b317-0628-868ca8f9ca58" testName="MapMe.Tests.ApiSmokeTests.DateMarks_Create_And_List_By_User" computerName="Adams-MacBook-Pro" duration="00:00:00.5870085" startTime="2025-08-11T10:33:50.9132450+07:00" endTime="2025-08-11T10:33:50.9132450+07:00" testType="13cdc9d9-ddb5-4fa4-a97d-d965ccfc6d4b" outcome="Passed" testListId="8c84fa94-04c1-424b-9868-57a2d4851a1d" relativeResultsDirectory="9410b9c0-6201-43a0-b295-34fc1d85d22d" />
    <UnitTestResult executionId="8a4eafc6-28a4-476a-899b-5697e0a84752" testId="2e14b324-12b9-253f-cfa7-357966005c0c" testName="MapMe.Tests.ApiSmokeTests.Profiles_Create_And_Get" computerName="Adams-MacBook-Pro" duration="00:00:00.5975881" startTime="2025-08-11T10:33:50.3258640+07:00" endTime="2025-08-11T10:33:50.3258710+07:00" testType="13cdc9d9-ddb5-4fa4-a97d-d965ccfc6d4b" outcome="Passed" testListId="8c84fa94-04c1-424b-9868-57a2d4851a1d" relativeResultsDirectory="8a4eafc6-28a4-476a-899b-5697e0a84752" />
  </Results>
  <TestDefinitions>
    <UnitTest name="MapMe.Tests.ApiSmokeTests.Profiles_Create_And_Get" storage="/users/adamzaplatilek/github/mapme/mapme/mapme.tests/bin/release/net10.0/mapme.tests.dll" id="2e14b324-12b9-253f-cfa7-357966005c0c">
      <Execution id="8a4eafc6-28a4-476a-899b-5697e0a84752" />
      <TestMethod codeBase="/Users/adamzaplatilek/GitHub/MapMe/MapMe/MapMe.Tests/bin/Release/net10.0/MapMe.Tests.dll" adapterTypeName="executor://xunit/VsTestRunner2/netcoreapp" className="MapMe.Tests.ApiSmokeTests" name="Profiles_Create_And_Get" />
    </UnitTest>
    <UnitTest name="MapMe.Tests.ApiSmokeTests.DateMarks_Create_And_List_By_User" storage="/users/adamzaplatilek/github/mapme/mapme/mapme.tests/bin/release/net10.0/mapme.tests.dll" id="b13c62f0-8540-b317-0628-868ca8f9ca58">
      <Execution id="9410b9c0-6201-43a0-b295-34fc1d85d22d" />
      <TestMethod codeBase="/Users/adamzaplatilek/GitHub/MapMe/MapMe/MapMe.Tests/bin/Release/net10.0/MapMe.Tests.dll" adapterTypeName="executor://xunit/VsTestRunner2/netcoreapp" className="MapMe.Tests.ApiSmokeTests" name="DateMarks_Create_And_List_By_User" />
    </UnitTest>
  </TestDefinitions>
  <TestEntries>
    <TestEntry testId="b13c62f0-8540-b317-0628-868ca8f9ca58" executionId="9410b9c0-6201-43a0-b295-34fc1d85d22d" testListId="8c84fa94-04c1-424b-9868-57a2d4851a1d" />
    <TestEntry testId="2e14b324-12b9-253f-cfa7-357966005c0c" executionId="8a4eafc6-28a4-476a-899b-5697e0a84752" testListId="8c84fa94-04c1-424b-9868-57a2d4851a1d" />
  </TestEntries>
  <TestLists>
    <TestList name="Results Not in a List" id="8c84fa94-04c1-424b-9868-57a2d4851a1d" />
    <TestList name="All Loaded Results" id="19431567-8539-422a-85d7-44ee4e166bda" />
  </TestLists>
  <ResultSummary outcome="Completed">
    <Counters total="2" executed="2" passed="2" failed="0" error="0" timeout="0" aborted="0" inconclusive="0" passedButRunAborted="0" notRunnable="0" notExecuted="0" disconnected="0" warning="0" completed="0" inProgress="0" pending="0" />
    <Output>
      <StdOut>[xUnit.net 00:00:00.00] xUnit.net VSTest Adapter v2.8.1+ce9211e970 (64-bit .NET 10.0.0-preview.6.25358.103)
[xUnit.net 00:00:00.03]   Discovering: MapMe.Tests
[xUnit.net 00:00:00.05]   Discovered:  MapMe.Tests
[xUnit.net 00:00:00.05]   Starting:    MapMe.Tests
warn: Microsoft.AspNetCore.HttpsPolicy.HttpsRedirectionMiddleware[3]
      Failed to determine the https port for redirect.
warn: Microsoft.AspNetCore.HttpsPolicy.HttpsRedirectionMiddleware[3]
      Failed to determine the https port for redirect.
[xUnit.net 00:00:01.26]   Finished:    MapMe.Tests
</StdOut>
    </Output>
  </ResultSummary>
</TestRun>