<?xml version="1.0" encoding="utf-8"?>
<TestRun id="1dfe8695-3f19-401b-87ae-b7ca6d30b360" name="@Adams-MacBook-Pro 2025-08-12 04:35:15" xmlns="http://microsoft.com/schemas/VisualStudio/TeamTest/2010">
  <Times creation="2025-08-12T04:35:15.9643000+07:00" queuing="2025-08-12T04:35:15.9643000+07:00" start="2025-08-12T04:35:14.4957310+07:00" finish="2025-08-12T04:35:15.9660420+07:00" />
  <TestSettings name="default" id="df1beaa1-704d-40ee-acb1-b309bfb06e87">
    <Deployment runDeploymentRoot="_Adams-MacBook-Pro_2025-08-12_04_35_15" />
  </TestSettings>
  <Results>
    <UnitTestResult executionId="b70c02df-9b07-4142-afdd-1083771a572e" testId="2e14b324-12b9-253f-cfa7-357966005c0c" testName="MapMe.Tests.ApiSmokeTests.Profiles_Create_And_Get" computerName="Adams-MacBook-Pro" duration="00:00:00.5666409" startTime="2025-08-12T04:35:15.3236030+07:00" endTime="2025-08-12T04:35:15.3236120+07:00" testType="13cdc9d9-ddb5-4fa4-a97d-d965ccfc6d4b" outcome="Passed" testListId="8c84fa94-04c1-424b-9868-57a2d4851a1d" relativeResultsDirectory="b70c02df-9b07-4142-afdd-1083771a572e" />
    <UnitTestResult executionId="e3142437-09a0-47ca-9066-5a43a0c72b4a" testId="b13c62f0-8540-b317-0628-868ca8f9ca58" testName="MapMe.Tests.ApiSmokeTests.DateMarks_Create_And_List_By_User" computerName="Adams-MacBook-Pro" duration="00:00:00.5852067" startTime="2025-08-12T04:35:15.9091930+07:00" endTime="2025-08-12T04:35:15.9091930+07:00" testType="13cdc9d9-ddb5-4fa4-a97d-d965ccfc6d4b" outcome="Passed" testListId="8c84fa94-04c1-424b-9868-57a2d4851a1d" relativeResultsDirectory="e3142437-09a0-47ca-9066-5a43a0c72b4a" />
  </Results>
  <TestDefinitions>
    <UnitTest name="MapMe.Tests.ApiSmokeTests.Profiles_Create_And_Get" storage="/users/adamzaplatilek/github/mapme/mapme/mapme.tests/bin/release/net10.0/mapme.tests.dll" id="2e14b324-12b9-253f-cfa7-357966005c0c">
      <Execution id="b70c02df-9b07-4142-afdd-1083771a572e" />
      <TestMethod codeBase="/Users/adamzaplatilek/GitHub/MapMe/MapMe/MapMe.Tests/bin/Release/net10.0/MapMe.Tests.dll" adapterTypeName="executor://xunit/VsTestRunner2/netcoreapp" className="MapMe.Tests.ApiSmokeTests" name="Profiles_Create_And_Get" />
    </UnitTest>
    <UnitTest name="MapMe.Tests.ApiSmokeTests.DateMarks_Create_And_List_By_User" storage="/users/adamzaplatilek/github/mapme/mapme/mapme.tests/bin/release/net10.0/mapme.tests.dll" id="b13c62f0-8540-b317-0628-868ca8f9ca58">
      <Execution id="e3142437-09a0-47ca-9066-5a43a0c72b4a" />
      <TestMethod codeBase="/Users/adamzaplatilek/GitHub/MapMe/MapMe/MapMe.Tests/bin/Release/net10.0/MapMe.Tests.dll" adapterTypeName="executor://xunit/VsTestRunner2/netcoreapp" className="MapMe.Tests.ApiSmokeTests" name="DateMarks_Create_And_List_By_User" />
    </UnitTest>
  </TestDefinitions>
  <TestEntries>
    <TestEntry testId="2e14b324-12b9-253f-cfa7-357966005c0c" executionId="b70c02df-9b07-4142-afdd-1083771a572e" testListId="8c84fa94-04c1-424b-9868-57a2d4851a1d" />
    <TestEntry testId="b13c62f0-8540-b317-0628-868ca8f9ca58" executionId="e3142437-09a0-47ca-9066-5a43a0c72b4a" testListId="8c84fa94-04c1-424b-9868-57a2d4851a1d" />
  </TestEntries>
  <TestLists>
    <TestList name="Results Not in a List" id="8c84fa94-04c1-424b-9868-57a2d4851a1d" />
    <TestList name="All Loaded Results" id="19431567-8539-422a-85d7-44ee4e166bda" />
  </TestLists>
  <ResultSummary outcome="Completed">
    <Counters total="2" executed="2" passed="2" failed="0" error="0" timeout="0" aborted="0" inconclusive="0" passedButRunAborted="0" notRunnable="0" notExecuted="0" disconnected="0" warning="0" completed="0" inProgress="0" pending="0" />
    <Output>
      <StdOut>[xUnit.net 00:00:00.00] xUnit.net VSTest Adapter v2.8.1+ce9211e970 (64-bit .NET 10.0.0-preview.6.25358.103)
[xUnit.net 00:00:00.03]   Discovering: MapMe.Tests
[xUnit.net 00:00:00.05]   Discovered:  MapMe.Tests
[xUnit.net 00:00:00.06]   Starting:    MapMe.Tests
warn: Microsoft.AspNetCore.HttpsPolicy.HttpsRedirectionMiddleware[3]
      Failed to determine the https port for redirect.
warn: Microsoft.AspNetCore.HttpsPolicy.HttpsRedirectionMiddleware[3]
      Failed to determine the https port for redirect.
[xUnit.net 00:00:01.23]   Finished:    MapMe.Tests
</StdOut>
    </Output>
  </ResultSummary>
</TestRun>